[18:29:33] [ServerMain/INFO]: [bootstrap] Running Java 21 (OpenJDK 64-Bit Server VM 21.0.5+11-Ubuntu-1ubuntu120.04; Ubuntu null) on Linux 6.5.0-1025-azure (amd64)
[18:29:33] [ServerMain/INFO]: [bootstrap] Loading Paper 1.21.3-63-master@4190ee7 (2024-11-25T18:59:19Z) for Minecraft 1.21.3
[18:29:33] [ServerMain/INFO]: [PluginInitializerManager] Initializing plugins...
[18:29:33] [Paper Plugin Remapper Thread - 0/INFO]: [ReobfServer] Remapping server...
[18:29:39] [Paper Plugin Remapper Thread - 0/INFO]: [ReobfServer] Done remapping server in 5807ms.
[18:29:39] [Paper Plugin Remapper Thread - 2/INFO]: [PluginRemapper] Remapping plugin 'plugins/floodgate-spigot.jar'...
[18:29:42] [Paper Plugin Remapper Thread - 2/INFO]: [PluginRemapper] Done remapping plugin 'plugins/floodgate-spigot.jar' in 2288ms.
[18:29:42] [ServerMain/INFO]: [PluginInitializerManager] Initialized 3 plugins
[18:29:42] [ServerMain/INFO]: [PluginInitializerManager] Bukkit plugins (3):
 - Geyser-Spigot (2.5.0-SNAPSHOT), ViaVersion (5.1.1), floodgate (2.2.3-SNAPSHOT (b114-83fbd6e))
[18:29:45] [ServerMain/INFO]: Environment: Environment[sessionHost=https://sessionserver.mojang.com, servicesHost=https://api.minecraftservices.com, name=PROD]
[18:29:46] [ServerMain/INFO]: Found new data pack file/bukkit, loading it automatically
[18:29:46] [ServerMain/INFO]: Found new data pack paper, loading it automatically
[18:29:48] [ServerMain/INFO]: Loaded 1337 recipes
[18:29:48] [ServerMain/INFO]: Loaded 1448 advancements
[18:29:48] [Server thread/INFO]: Starting minecraft server version 1.21.3
[18:29:48] [Server thread/INFO]: Loading properties
[18:29:48] [Server thread/INFO]: This server is running Paper version 1.21.3-63-master@4190ee7 (2024-11-25T18:59:19Z) (Implementing API version 1.21.3-R0.1-SNAPSHOT)
[18:29:48] [Server thread/INFO]: [spark] This server bundles the spark profiler. For more information please visit https://docs.papermc.io/paper/profiling
[18:29:48] [Server thread/INFO]: Server Ping Player Sample Count: 12
[18:29:48] [Server thread/INFO]: Using 4 threads for Netty based IO
[18:29:49] [Server thread/INFO]: [MoonriseCommon] Paper is using 1 worker threads, 1 I/O threads
[18:29:49] [Server thread/INFO]: [ChunkTaskScheduler] Chunk system is using population gen parallelism: true
[18:29:49] [Server thread/INFO]: Default game type: SURVIVAL
[18:29:49] [Server thread/INFO]: Generating keypair
[18:29:49] [Server thread/INFO]: Starting Minecraft server on *:25565
[18:29:49] [Server thread/INFO]: Using epoll channel type
[18:29:49] [Server thread/INFO]: Paper: Using libdeflate (Linux x86_64) compression from Velocity.
[18:29:49] [Server thread/INFO]: Paper: Using OpenSSL 1.1.x (Linux x86_64) cipher from Velocity.
[18:29:50] [Server thread/INFO]: [floodgate] Loading server plugin floodgate v2.2.3-SNAPSHOT (b114-83fbd6e)
[18:29:53] [Server thread/WARN]: [floodgate] en_ is not a supported Floodgate language.
[18:29:53] [Server thread/INFO]: [floodgate] Took 2,433ms to boot Floodgate
[18:29:53] [Server thread/INFO]: [ViaVersion] Loading server plugin ViaVersion v5.1.1
[18:29:53] [Server thread/INFO]: [ViaVersion] ViaVersion 5.1.1 is now loaded. Registering protocol transformers and injecting...
[18:29:53] [Via-Mappingloader-0/INFO]: [ViaVersion] Loading block connection mappings ...
[18:29:53] [Via-Mappingloader-0/INFO]: [ViaVersion] Using FastUtil Long2ObjectOpenHashMap for block connections
[18:29:53] [Server thread/INFO]: [Geyser-Spigot] Loading server plugin Geyser-Spigot v2.5.0-SNAPSHOT
[18:29:54] [Server thread/INFO]: [Geyser-Spigot] Loading extensions...
[18:29:54] [Server thread/INFO]: [Geyser-Spigot] Loaded 0 extension(s)
[18:29:54] [Server thread/WARN]: **** SERVER IS RUNNING IN OFFLINE/INSECURE MODE!
[18:29:54] [Server thread/WARN]: The server will make no attempt to authenticate usernames. Beware.
[18:29:54] [Server thread/WARN]: While this makes the game possible to play without internet access, it also opens up the ability for hackers to connect with any username they choose.
[18:29:54] [Server thread/WARN]: To change this, set "online-mode" to "true" in the server.properties file.
[18:29:54] [Server thread/INFO]: Preparing level "world"
[18:29:54] [Server thread/INFO]: ---- Migration of old nether folder required ----
[18:29:54] [Server thread/INFO]: Unfortunately due to the way that Minecraft implemented multiworld support in 1.6, Bukkit requires that you move your nether folder to a new location in order to operate correctly.
[18:29:54] [Server thread/INFO]: We will move this folder for you, but it will mean that you need to move it back should you wish to stop using Bukkit in the future.
[18:29:54] [Server thread/INFO]: Attempting to move world/DIM-1 to world_nether/DIM-1...
[18:29:54] [Server thread/INFO]: Success! To restore nether in the future, simply move world_nether/DIM-1 to world/DIM-1
[18:29:54] [Server thread/INFO]: ---- Migration of old nether folder complete ----
[18:29:55] [Server thread/INFO]: ---- Migration of old the_end folder required ----
[18:29:55] [Server thread/INFO]: Unfortunately due to the way that Minecraft implemented multiworld support in 1.6, Bukkit requires that you move your the_end folder to a new location in order to operate correctly.
[18:29:55] [Server thread/INFO]: We will move this folder for you, but it will mean that you need to move it back should you wish to stop using Bukkit in the future.
[18:29:55] [Server thread/INFO]: Attempting to move world/DIM1 to world_the_end/DIM1...
[18:29:55] [Server thread/INFO]: Success! To restore the_end in the future, simply move world_the_end/DIM1 to world/DIM1
[18:29:55] [Server thread/INFO]: ---- Migration of old the_end folder complete ----
[18:29:55] [Server thread/INFO]: Preparing start region for dimension minecraft:overworld
[18:29:55] [Server thread/INFO]: Preparing spawn area: 0%
[18:29:55] [Paper Common Worker #0/INFO]: [MCTypeRegistry] Initialising converters for DataConverter...
[18:29:55] [Paper Common Worker #0/INFO]: [MCTypeRegistry] Finished initialising converters for DataConverter in 293.3ms
[18:29:55] [Server thread/INFO]: Preparing spawn area: 2%
[18:29:56] [Server thread/INFO]: Preparing spawn area: 2%
[18:29:56] [Server thread/INFO]: Time elapsed: 1272 ms
[18:29:56] [Server thread/INFO]: Preparing start region for dimension minecraft:the_nether
[18:29:56] [Server thread/INFO]: Preparing spawn area: 0%
[18:29:56] [Server thread/INFO]: Preparing spawn area: 0%
[18:29:57] [Server thread/INFO]: Preparing spawn area: 0%
[18:29:57] [Server thread/INFO]: Preparing spawn area: 0%
[18:29:58] [Server thread/INFO]: Preparing spawn area: 0%
[18:29:58] [Server thread/INFO]: Preparing spawn area: 2%
[18:29:59] [Server thread/INFO]: Preparing spawn area: 18%
[18:29:59] [Server thread/INFO]: Preparing spawn area: 18%
[18:30:00] [Server thread/INFO]: Preparing spawn area: 55%
[18:30:00] [Server thread/INFO]: Time elapsed: 4433 ms
[18:30:00] [Server thread/INFO]: Preparing start region for dimension minecraft:the_end
[18:30:00] [Server thread/INFO]: Preparing spawn area: 0%
[18:30:01] [Server thread/INFO]: Preparing spawn area: 12%
[18:30:01] [Server thread/INFO]: Time elapsed: 814 ms
[18:30:01] [Server thread/INFO]: [floodgate] Enabling floodgate v2.2.3-SNAPSHOT (b114-83fbd6e)
[18:30:02] [Server thread/INFO]: [ViaVersion] Enabling ViaVersion v5.1.1
[18:30:02] [Server thread/INFO]: [ViaVersion] ViaVersion detected server version: 1.21.2-1.21.3 (768)
[18:30:02] [Server thread/WARN]: [ViaVersion] ViaVersion does not have any compatible versions for this server version!
[18:30:02] [Server thread/WARN]: [ViaVersion] Please remember that ViaVersion only adds support for versions newer than the server version.
[18:30:02] [Server thread/WARN]: [ViaVersion] If you need support for older versions you may need to use one or more ViaVersion addons too.
[18:30:02] [Server thread/WARN]: [ViaVersion] In that case please read the ViaVersion resource page carefully or use https://viaversion.com/setup
[18:30:02] [Server thread/WARN]: [ViaVersion] and if you're still unsure, feel free to join our Discord-Server for further assistance.
[18:30:02] [Server thread/INFO]: [Geyser-Spigot] Enabling Geyser-Spigot v2.5.0-SNAPSHOT
[18:30:02] [Server thread/INFO]: [spark] Starting background profiler...
[18:30:02] [Server thread/INFO]: [Geyser-Spigot] ******************************************
[18:30:02] [Server thread/INFO]: [Geyser-Spigot] 
[18:30:02] [Server thread/INFO]: [Geyser-Spigot] Loading Geyser version 2.5.0-b721 (git-master-1eedf19)
[18:30:02] [Server thread/INFO]: [Geyser-Spigot] 
[18:30:02] [Server thread/INFO]: [Geyser-Spigot] ******************************************
[18:30:06] [Server thread/INFO]: [Geyser-Spigot] Started Geyser on UDP port 19132
[18:30:06] [Server thread/INFO]: [Geyser-Spigot] Done (3.732s)! Run /geyser help for help!
[18:30:06] [Server thread/INFO]: Done preparing level "world" (11.821s)
[18:30:06] [Server thread/INFO]: Running delayed init tasks
[18:30:06] [Server thread/INFO]: Done (34.203s)! For help, type "help"
[18:30:06] [Server thread/INFO]: *************************************************************************************
[18:30:06] [Server thread/INFO]: This is the first time you're starting this server.
[18:30:06] [Server thread/INFO]: It's recommended you read our 'Getting Started' documentation for guidance.
[18:30:06] [Server thread/INFO]: View this and more helpful information here: https://docs.papermc.io/paper/next-steps
[18:30:06] [Server thread/INFO]: *************************************************************************************
[18:30:06] [Craft Scheduler Thread - 2 - ViaVersion/INFO]: [ViaVersion] Finished mapping loading, shutting down loader executor.
[18:30:06] [ForkJoinPool.commonPool-worker-3/WARN]: [Geyser-Spigot] Missing MC locale file: en_us
[18:30:06] [ForkJoinPool.commonPool-worker-3/INFO]: [Geyser-Spigot] Downloading Minecraft JAR to extract required files, please wait... (this may take some time depending on the speed of your internet connection)
[18:30:07] [ForkJoinPool.commonPool-worker-3/INFO]: [Geyser-Spigot] Minecraft JAR has been successfully downloaded and loaded!
[18:30:54] [Server thread/INFO]: Stopping the server
[18:30:54] [Server thread/INFO]: Stopping server
[18:30:54] [Server thread/INFO]: [Geyser-Spigot] Disabling Geyser-Spigot v2.5.0-SNAPSHOT
[18:30:54] [Server thread/INFO]: [Geyser-Spigot] Shutting down Geyser.
[18:30:54] [Server thread/INFO]: [Geyser-Spigot] Geyser shutdown successfully.
[18:30:54] [Server thread/INFO]: [ViaVersion] Disabling ViaVersion v5.1.1
[18:30:54] [Server thread/INFO]: [ViaVersion] ViaVersion has been disabled; uninjected the platform and shut down the scheduler.
[18:30:54] [Server thread/INFO]: [floodgate] Disabling floodgate v2.2.3-SNAPSHOT (b114-83fbd6e)
[18:30:54] [Server thread/INFO]: Saving players
[18:30:55] [WebSocketConnectReadThread-87/INFO]: [Geyser-Spigot] The skin uploader has been closed
[18:30:55] [Server thread/INFO]: Saving worlds
[18:30:55] [Server thread/INFO]: Saving chunks for level 'ServerLevel[world]'/minecraft:overworld
[18:30:55] [Server thread/INFO]: [ChunkHolderManager] Waiting 60s for chunk system to halt for world 'world'
[18:30:55] [Server thread/INFO]: [ChunkHolderManager] Halted chunk system for world 'world'
[18:30:55] [Server thread/INFO]: [ChunkHolderManager] Saving all chunkholders for world 'world'
[18:30:55] [Server thread/INFO]: [ChunkHolderManager] Saved 49 block chunks, 49 entity chunks, 0 poi chunks in world 'world' in 0.29s
[18:30:55] [Server thread/INFO]: [ChunkHolderManager] Waiting 60s for chunk I/O to halt for world 'world'
[18:30:55] [Server thread/INFO]: [ChunkHolderManager] Halted I/O scheduler for world 'world'
[18:30:55] [Server thread/INFO]: Saving chunks for level 'ServerLevel[world_nether]'/minecraft:the_nether
[18:30:55] [Server thread/INFO]: [ChunkHolderManager] Waiting 60s for chunk system to halt for world 'world_nether'
[18:30:55] [Server thread/INFO]: [ChunkHolderManager] Halted chunk system for world 'world_nether'
[18:30:55] [Server thread/INFO]: [ChunkHolderManager] Saving all chunkholders for world 'world_nether'
[18:30:55] [Server thread/INFO]: [ChunkHolderManager] Saved 841 block chunks, 49 entity chunks, 0 poi chunks in world 'world_nether' in 0.61s
[18:30:55] [Server thread/INFO]: [ChunkHolderManager] Waiting 60s for chunk I/O to halt for world 'world_nether'
[18:30:55] [Server thread/INFO]: [ChunkHolderManager] Halted I/O scheduler for world 'world_nether'
[18:30:55] [Server thread/INFO]: Saving chunks for level 'ServerLevel[world_the_end]'/minecraft:the_end
[18:30:55] [Server thread/INFO]: [ChunkHolderManager] Waiting 60s for chunk system to halt for world 'world_the_end'
[18:30:55] [Server thread/INFO]: [ChunkHolderManager] Halted chunk system for world 'world_the_end'
[18:30:55] [Server thread/INFO]: [ChunkHolderManager] Saving all chunkholders for world 'world_the_end'
[18:30:56] [Server thread/INFO]: [ChunkHolderManager] Saved 841 block chunks, 49 entity chunks, 0 poi chunks in world 'world_the_end' in 0.38s
[18:30:56] [Server thread/INFO]: [ChunkHolderManager] Waiting 60s for chunk I/O to halt for world 'world_the_end'
[18:30:56] [Server thread/INFO]: [ChunkHolderManager] Halted I/O scheduler for world 'world_the_end'
[18:30:56] [Server thread/INFO]: ThreadedAnvilChunkStorage (world): All chunks are saved
[18:30:56] [Server thread/INFO]: ThreadedAnvilChunkStorage (DIM-1): All chunks are saved
[18:30:56] [Server thread/INFO]: ThreadedAnvilChunkStorage (DIM1): All chunks are saved
[18:30:56] [Server thread/INFO]: ThreadedAnvilChunkStorage: All dimensions are saved
[18:30:56] [Server thread/INFO]: Waiting for I/O tasks to complete...
[18:30:56] [Server thread/INFO]: All I/O tasks to complete
[18:30:56] [Server thread/INFO]: [MoonriseCommon] Awaiting termination of worker pool for up to 60s...
[18:30:56] [Server thread/INFO]: [MoonriseCommon] Awaiting termination of I/O pool for up to 60s...
